0 info it worked if it ends with ok
1 verbose cli [ 'C:\\Program Files\\nodejs\\node.exe',
1 verbose cli   'C:\\Users\\Anatolie\\AppData\\Roaming\\npm\\node_modules\\npm\\bin\\npm-cli.js',
1 verbose cli   'run',
1 verbose cli   'compile:sass' ]
2 info using npm@3.10.9
3 info using node@v8.8.1
4 verbose run-script [ 'precompile:sass', 'compile:sass', 'postcompile:sass' ]
5 info lifecycle adv-css-training-project@1.0.0~precompile:sass: adv-css-training-project@1.0.0
6 silly lifecycle adv-css-training-project@1.0.0~precompile:sass: no script for precompile:sass, continuing
7 info lifecycle adv-css-training-project@1.0.0~compile:sass: adv-css-training-project@1.0.0
8 verbose lifecycle adv-css-training-project@1.0.0~compile:sass: unsafe-perm in lifecycle true
9 verbose lifecycle adv-css-training-project@1.0.0~compile:sass: PATH: C:\Users\Anatolie\AppData\Roaming\npm\node_modules\npm\bin\node-gyp-bin;E:\WEB\2016-2017\UDEMY courses\Advanced CSS course\advanced-css-course\Natours\landing-page-training\node_modules\.bin;C:\Program Files\Git\mingw64\bin;C:\Program Files\Git\usr\bin;C:\Users\Anatolie\bin;C:\ProgramData\Oracle\Java\javapath;C:\Program Files (x86)\Intel\iCLS Client;C:\Program Files\Intel\iCLS Client;C:\WINDOWS\system32;C:\WINDOWS;C:\WINDOWS\System32\Wbem;C:\WINDOWS\System32\WindowsPowerShell\v1.0;C:\Program Files\ThinkPad\Bluetooth Software;C:\Program Files\ThinkPad\Bluetooth Software\syswow64;C:\Program Files (x86)\Intel\OpenCL SDK\2.0\bin\x86;C:\Program Files (x86)\Intel\OpenCL SDK\2.0\bin\x64;C:\ProgramData\Lenovo\ReadyApps;C:\Program Files\Calibre2;Z:\usr\local\mysql-5.5\bin;C:\Program Files\Intel\WiFi\bin;C:\Program Files\Common Files\Intel\WirelessCommon;C:\Program Files (x86)\Intel\Intel(R) Management Engine Components\DAL;C:\Program Files\Intel\Intel(R) Management Engine Components\DAL;C:\Program Files (x86)\Intel\Intel(R) Management Engine Components\IPT;C:\Program Files\Intel\Intel(R) Management Engine Components\IPT;C:\Program Files\Sublime Text 3;D:\Program Files\Tidy;C:\Users\Anatolie\AppData\Roaming\npm;C:\Program Files (x86)\Notepad++;C:\Program Files (x86)\Skype\Phone;C:\ProgramData\ComposerSetup\bin;C:\wamp64\bin\mysql\mysql5.7.14\bin;C:\Program Files\CMder;C:\Program Files\nodejs;C:\Ruby23-x64\bin;C:\wamp64;C:\Program Files\Intel\WiFi\bin;C:\Program Files\Common Files\Intel\WirelessCommon;C:\Users\Anatolie\AppData\Local\Microsoft\WindowsApps;C:\wamp64\bin\php\php5.6.25;C:\Users\me\AppData\Roaming\npm\node_modules\bower\bin;C:\Users\Anatolie\AppData\Roaming\Composer\vendor\bin;C:\Program Files\Microsoft VS Code\bin;C:\Users\Anatolie\AppData\Roaming\npm
10 verbose lifecycle adv-css-training-project@1.0.0~compile:sass: CWD: E:\WEB\2016-2017\UDEMY courses\Advanced CSS course\advanced-css-course\Natours\landing-page-training
11 silly lifecycle adv-css-training-project@1.0.0~compile:sass: Args: [ '/d /s /c', 'node-sass sass/main.scss css/style.css -w' ]
12 silly lifecycle adv-css-training-project@1.0.0~compile:sass: Returned: code: 1  signal: null
13 info lifecycle adv-css-training-project@1.0.0~compile:sass: Failed to exec compile:sass script
14 verbose stack Error: adv-css-training-project@1.0.0 compile:sass: `node-sass sass/main.scss css/style.css -w`
14 verbose stack Exit status 1
14 verbose stack     at EventEmitter.<anonymous> (C:\Users\Anatolie\AppData\Roaming\npm\node_modules\npm\lib\utils\lifecycle.js:255:16)
14 verbose stack     at emitTwo (events.js:125:13)
14 verbose stack     at EventEmitter.emit (events.js:213:7)
14 verbose stack     at ChildProcess.<anonymous> (C:\Users\Anatolie\AppData\Roaming\npm\node_modules\npm\lib\utils\spawn.js:40:14)
14 verbose stack     at emitTwo (events.js:125:13)
14 verbose stack     at ChildProcess.emit (events.js:213:7)
14 verbose stack     at maybeClose (internal/child_process.js:927:16)
14 verbose stack     at Process.ChildProcess._handle.onexit (internal/child_process.js:211:5)
15 verbose pkgid adv-css-training-project@1.0.0
16 verbose cwd E:\WEB\2016-2017\UDEMY courses\Advanced CSS course\advanced-css-course\Natours\landing-page-training
17 error Windows_NT 10.0.15063
18 error argv "C:\\Program Files\\nodejs\\node.exe" "C:\\Users\\Anatolie\\AppData\\Roaming\\npm\\node_modules\\npm\\bin\\npm-cli.js" "run" "compile:sass"
19 error node v8.8.1
20 error npm  v3.10.9
21 error code ELIFECYCLE
22 error adv-css-training-project@1.0.0 compile:sass: `node-sass sass/main.scss css/style.css -w`
22 error Exit status 1
23 error Failed at the adv-css-training-project@1.0.0 compile:sass script 'node-sass sass/main.scss css/style.css -w'.
23 error Make sure you have the latest version of node.js and npm installed.
23 error If you do, this is most likely a problem with the adv-css-training-project package,
23 error not with npm itself.
23 error Tell the author that this fails on your system:
23 error     node-sass sass/main.scss css/style.css -w
23 error You can get information on how to open an issue for this project with:
23 error     npm bugs adv-css-training-project
23 error Or if that isn't available, you can get their info via:
23 error     npm owner ls adv-css-training-project
23 error There is likely additional logging output above.
24 verbose exit [ 1, true ]
